<?xml version="1.0" encoding="UTF-8"?>
<!-- Generated by org.testng.reporters.JUnitReportReporter -->
<testsuite hostname="DESKTOP-8104O1D" failures="0" tests="1" name="ProyectoPrueba" time="42.128" errors="0" timestamp="2022-05-11T09:31:23 ART" skipped="0">
  <testcase classname="ProyectoPrueba" name="ValidarBusquedaWikipedia" time="42.128"/>
  <system-out/>
</testsuite> <!-- ProyectoPrueba -->
