<?xml version="1.0" encoding="UTF-8"?>
<!-- Generated by org.testng.reporters.JUnitReportReporter -->
<testsuite hostname="DESKTOP-8104O1D" failures="0" tests="1" name="PrimeraPruebaWikipedia" time="16.104" errors="0" timestamp="2022-05-20T08:40:18 ART" skipped="0">
  <testcase classname="PrimeraPruebaWikipedia" name="ValidarArticuloOliveira" time="16.104"/>
  <system-out/>
</testsuite> <!-- PrimeraPruebaWikipedia -->
